{"/Users/frank/cc/simple-dialog/src/dialog.coffee":{"b":{"1":[0,0],"2":[0,0],"3":[0,0],"4":[0,0],"5":[0,0],"6":[0,0],"7":[0,0],"8":[0,0],"9":[0,0],"10":[0,0],"11":[0,0],"12":[0,0],"13":[0,0],"14":[0,0],"15":[0,0],"16":[0,0],"17":[0,0]},"branchMap":{"1":{"line":56,"locations":[{"end":{"column":4,"line":56},"start":{"column":4,"line":56}},{"end":{"column":4,"line":56},"start":{"column":4,"line":56}}],"type":"if"},"2":{"line":67,"locations":[{"end":{"column":4,"line":67},"start":{"column":4,"line":67}},{"end":{"column":4,"line":67},"start":{"column":4,"line":67}}],"type":"if"},"3":{"line":84,"locations":[{"end":{"column":4,"line":84},"start":{"column":4,"line":84}},{"end":{"column":4,"line":84},"start":{"column":4,"line":84}}],"type":"if"},"4":{"line":87,"locations":[{"end":{"column":4,"line":87},"start":{"column":4,"line":87}},{"end":{"column":4,"line":87},"start":{"column":4,"line":87}}],"type":"if"},"5":{"line":92,"locations":[{"end":{"column":8,"line":92},"start":{"column":8,"line":92}},{"end":{"column":8,"line":92},"start":{"column":8,"line":92}}],"type":"if"},"6":{"line":108,"locations":[{"end":{"column":4,"line":108},"start":{"column":4,"line":108}},{"end":{"column":4,"line":108},"start":{"column":4,"line":108}}],"type":"if"},"7":{"line":110,"locations":[{"end":{"column":6,"line":110},"start":{"column":6,"line":110}},{"end":{"column":6,"line":110},"start":{"column":6,"line":110}}],"type":"if"},"8":{"line":118,"locations":[{"end":{"column":4,"line":118},"start":{"column":4,"line":118}},{"end":{"column":4,"line":118},"start":{"column":4,"line":118}}],"type":"if"},"9":{"line":123,"locations":[{"end":{"column":6,"line":123},"start":{"column":6,"line":123}},{"end":{"column":6,"line":123},"start":{"column":6,"line":123}}],"type":"if"},"10":{"line":133,"locations":[{"end":{"column":4,"line":133},"start":{"column":4,"line":133}},{"end":{"column":4,"line":133},"start":{"column":4,"line":133}}],"type":"if"},"11":{"line":189,"locations":[{"end":{"column":4,"line":189},"start":{"column":4,"line":189}},{"end":{"column":4,"line":189},"start":{"column":4,"line":189}}],"type":"if"},"12":{"line":200,"locations":[{"end":{"column":21,"line":200},"start":{"column":21,"line":200}},{"end":{"column":21,"line":200},"start":{"column":21,"line":200}}],"type":"if"},"13":{"line":203,"locations":[{"end":{"column":15,"line":203},"start":{"column":15,"line":203}},{"end":{"column":15,"line":203},"start":{"column":15,"line":203}}],"type":"if"},"14":{"line":207,"locations":[{"end":{"column":16,"line":207},"start":{"column":16,"line":207}},{"end":{"column":16,"line":207},"start":{"column":16,"line":207}}],"type":"if"},"15":{"line":216,"locations":[{"end":{"column":4,"line":216},"start":{"column":4,"line":216}},{"end":{"column":4,"line":216},"start":{"column":4,"line":216}}],"type":"if"},"16":{"line":251,"locations":[{"end":{"column":36,"line":251},"start":{"column":36,"line":251}},{"end":{"column":36,"line":251},"start":{"column":36,"line":251}}],"type":"if"},"17":{"line":275,"locations":[{"end":{"column":36,"line":275},"start":{"column":36,"line":275}},{"end":{"column":36,"line":275},"start":{"column":36,"line":275}}],"type":"if"}},"f":{"1":1,"2":1,"3":0,"4":0,"5":0,"6":0,"7":0,"8":0,"9":0,"10":0,"11":0,"12":0,"13":0,"14":0,"15":0,"16":0,"17":0,"18":0,"19":0,"20":0,"21":0,"22":0,"23":0,"24":0,"25":0,"26":0,"27":0},"fnMap":{"1":{"line":1,"loc":{"end":{"column":11,"line":1},"start":{"column":6,"line":1}},"name":"Dialog"},"2":{"line":29,"loc":{"end":{"column":16,"line":29},"start":{"column":15,"line":29}},"name":"(anonymous_1)"},"3":{"line":55,"loc":{"end":{"column":10,"line":55},"start":{"column":2,"line":55}},"name":"_init"},"4":{"line":70,"loc":{"end":{"column":12,"line":70},"start":{"column":2,"line":70}},"name":"_render"},"5":{"line":94,"loc":{"end":{"column":23,"line":94},"start":{"column":12,"line":94}},"name":"callback"},"6":{"line":113,"loc":{"end":{"column":10,"line":113},"start":{"column":2,"line":113}},"name":"_bind"},"7":{"line":114,"loc":{"end":{"column":49,"line":114},"start":{"column":44,"line":114}},"name":"(anonymous_2)"},"8":{"line":119,"loc":{"end":{"column":44,"line":119},"start":{"column":39,"line":119}},"name":"(anonymous_3)"},"9":{"line":122,"loc":{"end":{"column":56,"line":122},"start":{"column":51,"line":122}},"name":"(anonymous_4)"},"10":{"line":126,"loc":{"end":{"column":53,"line":126},"start":{"column":48,"line":126}},"name":"(anonymous_5)"},"11":{"line":131,"loc":{"end":{"column":12,"line":131},"start":{"column":2,"line":131}},"name":"_unbind"},"12":{"line":138,"loc":{"end":{"column":23,"line":138},"start":{"column":2,"line":138}},"name":"_initContentScroll"},"13":{"line":139,"loc":{"end":{"column":24,"line":139},"start":{"column":23,"line":139}},"name":"(anonymous_6)"},"14":{"line":143,"loc":{"end":{"column":27,"line":143},"start":{"column":26,"line":143}},"name":"(anonymous_7)"},"15":{"line":165,"loc":{"end":{"column":39,"line":165},"start":{"column":34,"line":165}},"name":"(anonymous_8)"},"16":{"line":173,"loc":{"end":{"column":25,"line":173},"start":{"column":2,"line":173}},"name":"setContent"},"17":{"line":186,"loc":{"end":{"column":11,"line":186},"start":{"column":2,"line":186}},"name":"remove"},"18":{"line":194,"loc":{"end":{"column":12,"line":194},"start":{"column":2,"line":194}},"name":"refresh"},"19":{"line":198,"loc":{"end":{"column":30,"line":198},"start":{"column":29,"line":198}},"name":"(anonymous_9)"},"20":{"line":230,"loc":{"end":{"column":15,"line":230},"start":{"column":2,"line":230}},"name":"this"},"21":{"line":231,"loc":{"end":{"column":30,"line":231},"start":{"column":29,"line":231}},"name":"(anonymous_10)"},"22":{"line":241,"loc":{"end":{"column":25,"line":241},"start":{"column":0,"line":241}},"name":"Dialog"},"23":{"line":246,"loc":{"end":{"column":21,"line":246},"start":{"column":6,"line":246}},"name":"callback"},"24":{"line":256,"loc":{"end":{"column":25,"line":256},"start":{"column":0,"line":256}},"name":"Dialog"},"25":{"line":262,"loc":{"end":{"column":21,"line":262},"start":{"column":6,"line":262}},"name":"callback"},"26":{"line":269,"loc":{"end":{"column":21,"line":269},"start":{"column":6,"line":269}},"name":"callback"},"27":{"line":280,"loc":{"end":{"column":34,"line":280},"start":{"column":0,"line":280}},"name":"Dialog"}},"path":"/Users/frank/cc/simple-dialog/src/dialog.coffee","s":{"1":1,"2":1,"3":1,"4":0,"5":0,"6":0,"7":0,"8":0,"9":0,"10":0,"11":0,"12":0,"13":0,"14":0,"15":0,"16":0,"17":0,"18":0,"19":0,"20":0,"21":0,"22":0,"23":0,"24":0,"25":0,"26":0,"27":0,"28":0,"29":0,"30":0,"31":0,"32":0,"33":0,"34":0,"35":0,"36":0,"37":0,"38":0,"39":0,"40":0,"41":0,"42":0,"43":0,"44":0,"45":0,"46":0,"47":0,"48":0,"49":0,"50":0,"51":0,"52":0,"53":0,"54":0,"55":0,"56":0,"57":0,"58":0,"59":0,"60":0,"61":0,"62":0,"63":0,"64":0,"65":0,"66":0,"67":0,"68":0,"69":0,"70":0,"71":0,"72":0,"73":0,"74":0,"75":0,"76":0,"77":0,"78":0,"79":0,"80":0,"81":0,"82":0,"83":0,"84":0,"85":0,"86":0,"87":0,"88":0,"89":0,"90":0,"91":0,"92":0,"93":0,"94":0,"95":0,"96":0,"97":0,"98":0,"99":0,"100":0,"101":0,"102":0,"103":0,"104":0,"105":0,"106":0,"107":0,"108":0,"109":0,"110":0,"111":0,"112":0,"113":0,"114":0,"115":0,"116":0,"117":0,"118":0,"119":0,"120":0,"121":0,"122":0,"123":0,"124":0,"125":0,"126":0,"127":0,"128":0,"129":0,"130":1,"131":0,"132":0,"133":0,"134":0,"135":0,"136":0,"137":0,"138":0,"139":1,"140":0,"141":0,"142":0,"143":0,"144":0,"145":0,"146":0,"147":0,"148":0,"149":0,"150":0,"151":0,"152":0,"153":1,"154":0,"155":1},"statementMap":{"1":{"end":{"column":0,"line":240},"start":{"column":0,"line":1}},"2":{"end":{"column":27,"line":30},"start":{"column":4,"line":30}},"3":{"end":{"column":68,"line":31},"start":{"column":4,"line":31}},"4":{"end":{"column":3,"line":59},"start":{"column":4,"line":56}},"5":{"end":{"column":60,"line":57},"start":{"column":6,"line":57}},"6":{"end":{"column":25,"line":59},"start":{"column":4,"line":59}},"7":{"end":{"column":21,"line":61},"start":{"column":4,"line":61}},"8":{"end":{"column":13,"line":62},"start":{"column":4,"line":62}},"9":{"end":{"column":11,"line":63},"start":{"column":4,"line":63}},"10":{"end":{"column":24,"line":64},"start":{"column":4,"line":64}},"11":{"end":{"column":13,"line":65},"start":{"column":4,"line":65}},"12":{"end":{"column":1,"line":70},"start":{"column":4,"line":67}},"13":{"end":{"column":48,"line":68},"start":{"column":6,"line":68}},"14":{"end":{"column":49,"line":71},"start":{"column":4,"line":71}},"15":{"end":{"column":48,"line":72},"start":{"column":4,"line":72}},"16":{"end":{"column":52,"line":73},"start":{"column":4,"line":73}},"17":{"end":{"column":52,"line":74},"start":{"column":4,"line":74}},"18":{"end":{"column":51,"line":75},"start":{"column":4,"line":75}},"19":{"end":{"column":63,"line":77},"start":{"column":4,"line":77}},"20":{"end":{"column":3,"line":82},"start":{"column":4,"line":79}},"21":{"end":{"column":37,"line":82},"start":{"column":4,"line":82}},"22":{"end":{"column":3,"line":87},"start":{"column":4,"line":84}},"23":{"end":{"column":27,"line":85},"start":{"column":6,"line":85}},"24":{"end":{"column":3,"line":106},"start":{"column":4,"line":87}},"25":{"end":{"column":25,"line":88},"start":{"column":6,"line":88}},"26":{"end":{"column":23,"line":89},"start":{"column":6,"line":89}},"27":{"end":{"column":3,"line":106},"start":{"column":6,"line":91}},"28":{"end":{"column":7,"line":97},"start":{"column":8,"line":92}},"29":{"end":{"column":7,"line":97},"start":{"column":10,"line":93}},"30":{"end":{"column":22,"line":95},"start":{"column":14,"line":95}},"31":{"end":{"column":58,"line":97},"start":{"column":8,"line":97}},"32":{"end":{"column":30,"line":104},"start":{"column":8,"line":99}},"33":{"end":{"column":23,"line":106},"start":{"column":4,"line":106}},"34":{"end":{"column":1,"line":113},"start":{"column":4,"line":108}},"35":{"end":{"column":51,"line":109},"start":{"column":6,"line":109}},"36":{"end":{"column":66,"line":110},"start":{"column":6,"line":110}},"37":{"end":{"column":36,"line":110},"start":{"column":6,"line":110}},"38":{"end":{"column":3,"line":118},"start":{"column":4,"line":114}},"39":{"end":{"column":23,"line":115},"start":{"column":6,"line":115}},"40":{"end":{"column":14,"line":116},"start":{"column":6,"line":116}},"41":{"end":{"column":3,"line":122},"start":{"column":4,"line":118}},"42":{"end":{"column":3,"line":122},"start":{"column":6,"line":119}},"43":{"end":{"column":16,"line":120},"start":{"column":8,"line":120}},"44":{"end":{"column":3,"line":126},"start":{"column":4,"line":122}},"45":{"end":{"column":47,"line":122},"start":{"column":19,"line":122}},"46":{"end":{"column":46,"line":122},"start":{"column":44,"line":122}},"47":{"end":{"column":3,"line":126},"start":{"column":6,"line":123}},"48":{"end":{"column":16,"line":124},"start":{"column":8,"line":124}},"49":{"end":{"column":1,"line":131},"start":{"column":4,"line":126}},"50":{"end":{"column":44,"line":126},"start":{"column":17,"line":126}},"51":{"end":{"column":43,"line":126},"start":{"column":41,"line":126}},"52":{"end":{"column":29,"line":127},"start":{"column":6,"line":127}},"53":{"end":{"column":15,"line":128},"start":{"column":6,"line":128}},"54":{"end":{"column":38,"line":132},"start":{"column":4,"line":132}},"55":{"end":{"column":68,"line":133},"start":{"column":4,"line":133}},"56":{"end":{"column":31,"line":133},"start":{"column":4,"line":133}},"57":{"end":{"column":43,"line":134},"start":{"column":4,"line":134}},"58":{"end":{"column":41,"line":134},"start":{"column":20,"line":134}},"59":{"end":{"column":40,"line":134},"start":{"column":38,"line":134}},"60":{"end":{"column":41,"line":135},"start":{"column":4,"line":135}},"61":{"end":{"column":39,"line":135},"start":{"column":18,"line":135}},"62":{"end":{"column":38,"line":135},"start":{"column":36,"line":135}},"63":{"end":{"column":3,"line":143},"start":{"column":4,"line":139}},"64":{"end":{"column":25,"line":141},"start":{"column":6,"line":140}},"65":{"end":{"column":3,"line":147},"start":{"column":4,"line":143}},"66":{"end":{"column":25,"line":145},"start":{"column":6,"line":144}},"67":{"end":{"column":42,"line":147},"start":{"column":4,"line":147}},"68":{"end":{"column":32,"line":148},"start":{"column":4,"line":148}},"69":{"end":{"column":36,"line":149},"start":{"column":4,"line":149}},"70":{"end":{"column":3,"line":154},"start":{"column":4,"line":150}},"71":{"end":{"column":3,"line":159},"start":{"column":4,"line":154}},"72":{"end":{"column":32,"line":160},"start":{"column":4,"line":159}},"73":{"end":{"column":44,"line":162},"start":{"column":4,"line":162}},"74":{"end":{"column":42,"line":163},"start":{"column":4,"line":163}},"75":{"end":{"column":22,"line":171},"start":{"column":4,"line":164}},"76":{"end":{"column":41,"line":166},"start":{"column":8,"line":166}},"77":{"end":{"column":35,"line":167},"start":{"column":8,"line":167}},"78":{"end":{"column":67,"line":168},"start":{"column":8,"line":168}},"79":{"end":{"column":57,"line":170},"start":{"column":8,"line":169}},"80":{"end":{"column":29,"line":174},"start":{"column":4,"line":174}},"81":{"end":{"column":20,"line":176},"start":{"column":4,"line":176}},"82":{"end":{"column":18,"line":177},"start":{"column":4,"line":177}},"83":{"end":{"column":19,"line":178},"start":{"column":4,"line":178}},"84":{"end":{"column":27,"line":179},"start":{"column":4,"line":179}},"85":{"end":{"column":21,"line":180},"start":{"column":4,"line":180}},"86":{"end":{"column":24,"line":181},"start":{"column":4,"line":181}},"87":{"end":{"column":13,"line":183},"start":{"column":4,"line":183}},"88":{"end":{"column":21,"line":187},"start":{"column":4,"line":187}},"89":{"end":{"column":13,"line":188},"start":{"column":4,"line":188}},"90":{"end":{"column":28,"line":189},"start":{"column":4,"line":189}},"91":{"end":{"column":18,"line":189},"start":{"column":4,"line":189}},"92":{"end":{"column":15,"line":190},"start":{"column":4,"line":190}},"93":{"end":{"column":52,"line":191},"start":{"column":4,"line":191}},"94":{"end":{"column":54,"line":195},"start":{"column":4,"line":195}},"95":{"end":{"column":52,"line":195},"start":{"column":28,"line":195}},"96":{"end":{"column":35,"line":195},"start":{"column":31,"line":195}},"97":{"end":{"column":50,"line":196},"start":{"column":4,"line":196}},"98":{"end":{"column":48,"line":196},"start":{"column":26,"line":196}},"99":{"end":{"column":33,"line":196},"start":{"column":29,"line":196}},"100":{"end":{"column":52,"line":197},"start":{"column":4,"line":197}},"101":{"end":{"column":50,"line":197},"start":{"column":27,"line":197}},"102":{"end":{"column":34,"line":197},"start":{"column":30,"line":197}},"103":{"end":{"column":3,"line":213},"start":{"column":4,"line":198}},"104":{"end":{"column":30,"line":199},"start":{"column":6,"line":199}},"105":{"end":{"column":58,"line":200},"start":{"column":6,"line":200}},"106":{"end":{"column":46,"line":200},"start":{"column":46,"line":200}},"107":{"end":{"column":58,"line":200},"start":{"column":53,"line":200}},"108":{"end":{"column":53,"line":201},"start":{"column":6,"line":201}},"109":{"end":{"column":64,"line":202},"start":{"column":6,"line":202}},"110":{"end":{"column":5,"line":207},"start":{"column":6,"line":203}},"111":{"end":{"column":8,"line":204},"start":{"column":8,"line":204}},"112":{"end":{"column":33,"line":206},"start":{"column":8,"line":206}},"113":{"end":{"column":5,"line":211},"start":{"column":6,"line":207}},"114":{"end":{"column":8,"line":208},"start":{"column":8,"line":208}},"115":{"end":{"column":40,"line":210},"start":{"column":8,"line":210}},"116":{"end":{"column":76,"line":211},"start":{"column":6,"line":211}},"117":{"end":{"column":30,"line":213},"start":{"column":4,"line":213}},"118":{"end":{"column":40,"line":214},"start":{"column":4,"line":214}},"119":{"end":{"column":31,"line":221},"start":{"column":4,"line":216}},"120":{"end":{"column":40,"line":217},"start":{"column":6,"line":217}},"121":{"end":{"column":51,"line":218},"start":{"column":6,"line":218}},"122":{"end":{"column":26,"line":219},"start":{"column":6,"line":219}},"123":{"end":{"column":31,"line":221},"start":{"column":6,"line":221}},"124":{"end":{"column":54,"line":222},"start":{"column":6,"line":222}},"125":{"end":{"column":59,"line":223},"start":{"column":6,"line":223}},"126":{"end":{"column":1,"line":230},"start":{"column":4,"line":225}},"127":{"end":{"column":1,"line":236},"start":{"column":4,"line":231}},"128":{"end":{"column":33,"line":232},"start":{"column":6,"line":232}},"129":{"end":{"column":20,"line":233},"start":{"column":6,"line":233}},"130":{"end":{"column":0,"line":255},"start":{"column":0,"line":241}},"131":{"end":{"column":3,"line":252},"start":{"column":2,"line":242}},"132":{"end":{"column":33,"line":248},"start":{"column":8,"line":247}},"133":{"end":{"column":74,"line":251},"start":{"column":36,"line":251}},"134":{"end":{"column":66,"line":251},"start":{"column":53,"line":251}},"135":{"end":{"column":65,"line":251},"start":{"column":53,"line":251}},"136":{"end":{"column":60,"line":251},"start":{"column":57,"line":251}},"137":{"end":{"column":74,"line":251},"start":{"column":73,"line":251}},"138":{"end":{"column":23,"line":254},"start":{"column":2,"line":254}},"139":{"end":{"column":0,"line":279},"start":{"column":0,"line":256}},"140":{"end":{"column":3,"line":276},"start":{"column":2,"line":257}},"141":{"end":{"column":68,"line":263},"start":{"column":8,"line":263}},"142":{"end":{"column":36,"line":264},"start":{"column":8,"line":264}},"143":{"end":{"column":22,"line":265},"start":{"column":8,"line":265}},"144":{"end":{"column":68,"line":270},"start":{"column":8,"line":270}},"145":{"end":{"column":37,"line":271},"start":{"column":8,"line":271}},"146":{"end":{"column":22,"line":272},"start":{"column":8,"line":272}},"147":{"end":{"column":74,"line":275},"start":{"column":36,"line":275}},"148":{"end":{"column":66,"line":275},"start":{"column":53,"line":275}},"149":{"end":{"column":65,"line":275},"start":{"column":53,"line":275}},"150":{"end":{"column":60,"line":275},"start":{"column":57,"line":275}},"151":{"end":{"column":74,"line":275},"start":{"column":73,"line":275}},"152":{"end":{"column":23,"line":278},"start":{"column":2,"line":278}},"153":{"end":{"column":0,"line":282},"start":{"column":0,"line":280}},"154":{"end":{"column":28,"line":281},"start":{"column":2,"line":281}},"155":{"end":{"column":22,"line":283},"start":{"column":0,"line":283}}}}}